timestamp: 2016-03-10T16:28:24.503000
CREATE TABLE auth_user(
    id INTEGER PRIMARY KEY AUTOINCREMENT,
    first_name CHAR(128),
    last_name CHAR(128),
    email CHAR(512),
    password CHAR(512),
    registration_key CHAR(512),
    reset_password_key CHAR(512),
    registration_id CHAR(512)
);
success!
timestamp: 2016-03-10T16:28:24.529000
CREATE TABLE auth_group(
    id INTEGER PRIMARY KEY AUTOINCREMENT,
    role CHAR(512),
    description TEXT
);
success!
timestamp: 2016-03-10T16:28:24.549000
CREATE TABLE auth_membership(
    id INTEGER PRIMARY KEY AUTOINCREMENT,
    user_id INTEGER REFERENCES auth_user (id) ON DELETE CASCADE,
    group_id INTEGER REFERENCES auth_group (id) ON DELETE CASCADE
);
success!
timestamp: 2016-03-10T16:28:24.570000
CREATE TABLE auth_permission(
    id INTEGER PRIMARY KEY AUTOINCREMENT,
    group_id INTEGER REFERENCES auth_group (id) ON DELETE CASCADE,
    name CHAR(512),
    table_name CHAR(512),
    record_id INTEGER
);
success!
timestamp: 2016-03-10T16:28:24.591000
CREATE TABLE auth_event(
    id INTEGER PRIMARY KEY AUTOINCREMENT,
    time_stamp TIMESTAMP,
    client_ip CHAR(512),
    user_id INTEGER REFERENCES auth_user (id) ON DELETE CASCADE,
    origin CHAR(512),
    description TEXT
);
success!
timestamp: 2016-03-10T16:28:24.613000
CREATE TABLE auth_cas(
    id INTEGER PRIMARY KEY AUTOINCREMENT,
    user_id INTEGER REFERENCES auth_user (id) ON DELETE CASCADE,
    created_on TIMESTAMP,
    service CHAR(512),
    ticket CHAR(512),
    renew CHAR(1)
);
success!
timestamp: 2016-03-10T16:28:24.648000
CREATE TABLE messageData(
    id INTEGER PRIMARY KEY AUTOINCREMENT,
    computerName CHAR(512),
    computerNumber CHAR(512),
    messageData CHAR(512),
    problem CHAR(512),
    timeCreated TIMESTAMP
);
success!
timestamp: 2016-03-10T16:28:24.665000
CREATE TABLE computerStatus(
    id INTEGER PRIMARY KEY AUTOINCREMENT,
    computerName CHAR(512),
    currentStatus CHAR(512)
);
success!
timestamp: 2016-03-10T16:28:24.680000
CREATE TABLE userData(
    id INTEGER PRIMARY KEY AUTOINCREMENT,
    email CHAR(512),
    password CHAR(512)
);
success!
timestamp: 2016-03-10T16:28:24.695000
CREATE TABLE schedule(
    id INTEGER PRIMARY KEY AUTOINCREMENT,
    computerName CHAR(512),
    beginTime CHAR(512),
    endTime CHAR(512),
    dateReserved CHAR(512),
    email CHAR(512)
);
success!
